This is pdfTeX, Version 3.14159265-2.6-1.40.18 (TeX Live 2017/Debian) (preloaded format=pdflatex 2019.6.24)  27 AUG 2019 14:07
entering extended mode
 restricted \write18 enabled.
 %&-line parsing enabled.
**work_eng.tex
(./work_eng.tex
LaTeX2e <2017-04-15>
Babel <3.18> and hyphenation patterns for 5 language(s) loaded.
(./aip-cp.cls
Document Class: aip-cp 2014/12/10 v1.0 Standard LaTeX document class for AIP Co
nference Proceedings
(/usr/share/texlive/texmf-dist/tex/latex/txfonts/txfonts.sty
Package: txfonts 2008/01/22 v3.2.1
LaTeX Font Info:    Redeclaring symbol font `operators' on input line 21.
LaTeX Font Info:    Overwriting symbol font `operators' in version `normal'
(Font)                  OT1/cmr/m/n --> OT1/txr/m/n on input line 21.
LaTeX Font Info:    Overwriting symbol font `operators' in version `bold'
(Font)                  OT1/cmr/bx/n --> OT1/txr/m/n on input line 21.
LaTeX Font Info:    Overwriting symbol font `operators' in version `bold'
(Font)                  OT1/txr/m/n --> OT1/txr/bx/n on input line 22.
\symitalic=\mathgroup4
LaTeX Font Info:    Overwriting symbol font `italic' in version `bold'
(Font)                  OT1/txr/m/it --> OT1/txr/bx/it on input line 26.
LaTeX Font Info:    Redeclaring math alphabet \mathbf on input line 29.
LaTeX Font Info:    Overwriting math alphabet `\mathbf' in version `normal'
(Font)                  OT1/cmr/bx/n --> OT1/txr/bx/n on input line 29.
LaTeX Font Info:    Overwriting math alphabet `\mathbf' in version `bold'
(Font)                  OT1/cmr/bx/n --> OT1/txr/bx/n on input line 29.
LaTeX Font Info:    Redeclaring math alphabet \mathit on input line 30.
LaTeX Font Info:    Overwriting math alphabet `\mathit' in version `normal'
(Font)                  OT1/cmr/m/it --> OT1/txr/m/it on input line 30.
LaTeX Font Info:    Overwriting math alphabet `\mathit' in version `bold'
(Font)                  OT1/cmr/bx/it --> OT1/txr/m/it on input line 30.
LaTeX Font Info:    Overwriting math alphabet `\mathit' in version `bold'
(Font)                  OT1/txr/m/it --> OT1/txr/bx/it on input line 31.
LaTeX Font Info:    Redeclaring math alphabet \mathsf on input line 40.
LaTeX Font Info:    Overwriting math alphabet `\mathsf' in version `normal'
(Font)                  OT1/cmss/m/n --> OT1/txss/m/n on input line 40.
LaTeX Font Info:    Overwriting math alphabet `\mathsf' in version `bold'
(Font)                  OT1/cmss/bx/n --> OT1/txss/m/n on input line 40.
LaTeX Font Info:    Overwriting math alphabet `\mathsf' in version `bold'
(Font)                  OT1/txss/m/n --> OT1/txss/b/n on input line 41.
LaTeX Font Info:    Redeclaring math alphabet \mathtt on input line 50.
LaTeX Font Info:    Overwriting math alphabet `\mathtt' in version `normal'
(Font)                  OT1/cmtt/m/n --> OT1/txtt/m/n on input line 50.
LaTeX Font Info:    Overwriting math alphabet `\mathtt' in version `bold'
(Font)                  OT1/cmtt/m/n --> OT1/txtt/m/n on input line 50.
LaTeX Font Info:    Overwriting math alphabet `\mathtt' in version `bold'
(Font)                  OT1/txtt/m/n --> OT1/txtt/b/n on input line 51.
LaTeX Font Info:    Redeclaring symbol font `letters' on input line 58.
LaTeX Font Info:    Overwriting symbol font `letters' in version `normal'
(Font)                  OML/cmm/m/it --> OML/txmi/m/it on input line 58.
LaTeX Font Info:    Overwriting symbol font `letters' in version `bold'
(Font)                  OML/cmm/b/it --> OML/txmi/m/it on input line 58.
LaTeX Font Info:    Overwriting symbol font `letters' in version `bold'
(Font)                  OML/txmi/m/it --> OML/txmi/bx/it on input line 59.
\symlettersA=\mathgroup5
LaTeX Font Info:    Overwriting symbol font `lettersA' in version `bold'
(Font)                  U/txmia/m/it --> U/txmia/bx/it on input line 67.
LaTeX Font Info:    Redeclaring symbol font `symbols' on input line 77.
LaTeX Font Info:    Overwriting symbol font `symbols' in version `normal'
(Font)                  OMS/cmsy/m/n --> OMS/txsy/m/n on input line 77.
LaTeX Font Info:    Overwriting symbol font `symbols' in version `bold'
(Font)                  OMS/cmsy/b/n --> OMS/txsy/m/n on input line 77.
LaTeX Font Info:    Overwriting symbol font `symbols' in version `bold'
(Font)                  OMS/txsy/m/n --> OMS/txsy/bx/n on input line 78.
\symAMSa=\mathgroup6
LaTeX Font Info:    Overwriting symbol font `AMSa' in version `bold'
(Font)                  U/txsya/m/n --> U/txsya/bx/n on input line 94.
\symAMSb=\mathgroup7
LaTeX Font Info:    Overwriting symbol font `AMSb' in version `bold'
(Font)                  U/txsyb/m/n --> U/txsyb/bx/n on input line 103.
\symsymbolsC=\mathgroup8
LaTeX Font Info:    Overwriting symbol font `symbolsC' in version `bold'
(Font)                  U/txsyc/m/n --> U/txsyc/bx/n on input line 113.
LaTeX Font Info:    Redeclaring symbol font `largesymbols' on input line 120.
LaTeX Font Info:    Overwriting symbol font `largesymbols' in version `normal'
(Font)                  OMX/cmex/m/n --> OMX/txex/m/n on input line 120.
LaTeX Font Info:    Overwriting symbol font `largesymbols' in version `bold'
(Font)                  OMX/cmex/m/n --> OMX/txex/m/n on input line 120.
LaTeX Font Info:    Overwriting symbol font `largesymbols' in version `bold'
(Font)                  OMX/txex/m/n --> OMX/txex/bx/n on input line 121.
\symlargesymbolsA=\mathgroup9
LaTeX Font Info:    Overwriting symbol font `largesymbolsA' in version `bold'
(Font)                  U/txexa/m/n --> U/txexa/bx/n on input line 129.
LaTeX Info: Redefining \not on input line 1043.
)
(/usr/share/texlive/texmf-dist/tex/latex/graphics/graphicx.sty
Package: graphicx 2017/06/01 v1.1a Enhanced LaTeX Graphics (DPC,SPQR)

(/usr/share/texlive/texmf-dist/tex/latex/graphics/keyval.sty
Package: keyval 2014/10/28 v1.15 key=value parser (DPC)
\KV@toks@=\toks14
)
(/usr/share/texlive/texmf-dist/tex/latex/graphics/graphics.sty
Package: graphics 2017/06/25 v1.2c Standard LaTeX Graphics (DPC,SPQR)

(/usr/share/texlive/texmf-dist/tex/latex/graphics/trig.sty
Package: trig 2016/01/03 v1.10 sin cos tan (DPC)
)
(/usr/share/texlive/texmf-dist/tex/latex/graphics-cfg/graphics.cfg
File: graphics.cfg 2016/06/04 v1.11 sample graphics configuration
)
Package graphics Info: Driver file: pdftex.def on input line 99.

(/usr/share/texlive/texmf-dist/tex/latex/graphics-def/pdftex.def
File: pdftex.def 2018/01/08 v1.0l Graphics/color driver for pdftex
))
\Gin@req@height=\dimen102
\Gin@req@width=\dimen103
)
\c@authorcount=\count79
\eadrcount=\count80
\c@affn=\count81
\c@cornote=\count82
\c@authornote=\count83
\tempcount=\count84
\tempacount=\count85
\c@part=\count86
\c@section=\count87
\c@subsection=\count88
\c@subsubsection=\count89
\c@paragraph=\count90
\c@subparagraph=\count91
\c@figure=\count92
\c@table=\count93
\abovecaptionskip=\skip41
\belowcaptionskip=\skip42
\bibindent=\dimen104
\float@captionwidth=\dimen105
\float@box=\box26
)
(/usr/share/texlive/texmf-dist/tex/latex/natbib/natbib.sty
Package: natbib 2010/09/13 8.31b (PWD, AO)
\bibhang=\skip43
\bibsep=\skip44
LaTeX Info: Redefining \cite on input line 694.
\c@NAT@ctr=\count94
)
(/usr/share/texlive/texmf-dist/tex/latex/graphics/rotating.sty
Package: rotating 2016/08/11 v2.16d rotated objects in LaTeX

(/usr/share/texlive/texmf-dist/tex/latex/base/ifthen.sty
Package: ifthen 2014/09/29 v1.1c Standard LaTeX ifthen package (DPC)
)
\c@r@tfl@t=\count95
\rotFPtop=\skip45
\rotFPbot=\skip46
\rot@float@box=\box27
\rot@mess@toks=\toks15
)
(/usr/share/texlive/texmf-dist/tex/latex/caption/subcaption.sty
Package: subcaption 2016/05/22 v1.1-161 Sub-captions (AR)

(/usr/share/texlive/texmf-dist/tex/latex/caption/caption.sty
Package: caption 2016/02/21 v3.3-144 Customizing captions (AR)

(/usr/share/texlive/texmf-dist/tex/latex/caption/caption3.sty
Package: caption3 2016/05/22 v1.7-166 caption3 kernel (AR)
Package caption3 Info: TeX engine: e-TeX on input line 67.
\captionmargin=\dimen106
\captionmargin@=\dimen107
\captionwidth=\dimen108
\caption@tempdima=\dimen109
\caption@indent=\dimen110
\caption@parindent=\dimen111
\caption@hangindent=\dimen112
Package caption Info: Unknown document class (or package),
(caption)             standard defaults will be used.
)

Package caption Warning: Unsupported document class (or package) detected,
(caption)                usage of the caption package is not recommended.
See the caption package documentation for explanation.

Package caption Info: \@makecaption = \long macro:#1#2->\ifx \FigName \@captype
 \vskip \abovecaptionskip \fi \sbox \@tempboxa {\captionfont {\bfseries #1.} #2
}\ifdim \wd \@tempboxa >\hsize {\captionfont {\bfseries #1.} #2\par }\else \glo
bal \@minipagefalse \hb@xt@ \hsize {\hfil \box \@tempboxa \hfil }\fi \ifx \FigN
ame \@captype \else \vskip \belowcaptionskip \fi .
\c@ContinuedFloat=\count96
Package caption Info: rotating package is loaded.
)
\c@subfigure=\count97
\c@subtable=\count98
) (./work_eng.aux)
\openout1 = `work_eng.aux'.

LaTeX Font Info:    Checking defaults for OML/txmi/m/it on input line 23.
LaTeX Font Info:    Try loading font information for OML+txmi on input line 23.

 (/usr/share/texlive/texmf-dist/tex/latex/txfonts/omltxmi.fd
File: omltxmi.fd 2000/12/15 v3.1
)
LaTeX Font Info:    ... okay on input line 23.
LaTeX Font Info:    Checking defaults for T1/cmr/m/n on input line 23.
LaTeX Font Info:    ... okay on input line 23.
LaTeX Font Info:    Checking defaults for OT1/cmr/m/n on input line 23.
LaTeX Font Info:    ... okay on input line 23.
LaTeX Font Info:    Checking defaults for OMS/txsy/m/n on input line 23.
LaTeX Font Info:    Try loading font information for OMS+txsy on input line 23.

 (/usr/share/texlive/texmf-dist/tex/latex/txfonts/omstxsy.fd
File: omstxsy.fd 2000/12/15 v3.1
)
LaTeX Font Info:    ... okay on input line 23.
LaTeX Font Info:    Checking defaults for OMX/txex/m/n on input line 23.
LaTeX Font Info:    Try loading font information for OMX+txex on input line 23.


(/usr/share/texlive/texmf-dist/tex/latex/txfonts/omxtxex.fd
File: omxtxex.fd 2000/12/15 v3.1
)
LaTeX Font Info:    ... okay on input line 23.
LaTeX Font Info:    Checking defaults for U/txexa/m/n on input line 23.
LaTeX Font Info:    Try loading font information for U+txexa on input line 23.

(/usr/share/texlive/texmf-dist/tex/latex/txfonts/utxexa.fd
File: utxexa.fd 2000/12/15 v3.1
)
LaTeX Font Info:    ... okay on input line 23.
LaTeX Font Info:    Try loading font information for OT1+txr on input line 23.

(/usr/share/texlive/texmf-dist/tex/latex/txfonts/ot1txr.fd
File: ot1txr.fd 2000/12/15 v3.1
)
(/usr/share/texlive/texmf-dist/tex/context/base/mkii/supp-pdf.mkii
[Loading MPS to PDF converter (version 2006.09.02).]
\scratchcounter=\count99
\scratchdimen=\dimen113
\scratchbox=\box28
\nofMPsegments=\count100
\nofMParguments=\count101
\everyMPshowfont=\toks16
\MPscratchCnt=\count102
\MPscratchDim=\dimen114
\MPnumerator=\count103
\makeMPintoPDFobject=\count104
\everyMPtoPDFconversion=\toks17
) (/usr/share/texlive/texmf-dist/tex/latex/oberdiek/epstopdf-base.sty
Package: epstopdf-base 2016/05/15 v2.6 Base part for package epstopdf

(/usr/share/texlive/texmf-dist/tex/generic/oberdiek/infwarerr.sty
Package: infwarerr 2016/05/16 v1.4 Providing info/warning/error messages (HO)
)
(/usr/share/texlive/texmf-dist/tex/latex/oberdiek/grfext.sty
Package: grfext 2016/05/16 v1.2 Manage graphics extensions (HO)

(/usr/share/texlive/texmf-dist/tex/generic/oberdiek/kvdefinekeys.sty
Package: kvdefinekeys 2016/05/16 v1.4 Define keys (HO)

(/usr/share/texlive/texmf-dist/tex/generic/oberdiek/ltxcmds.sty
Package: ltxcmds 2016/05/16 v1.23 LaTeX kernel commands for general use (HO)
)))
(/usr/share/texlive/texmf-dist/tex/latex/oberdiek/kvoptions.sty
Package: kvoptions 2016/05/16 v3.12 Key value format for package options (HO)

(/usr/share/texlive/texmf-dist/tex/generic/oberdiek/kvsetkeys.sty
Package: kvsetkeys 2016/05/16 v1.17 Key value parser (HO)

(/usr/share/texlive/texmf-dist/tex/generic/oberdiek/etexcmds.sty
Package: etexcmds 2016/05/16 v1.6 Avoid name clashes with e-TeX commands (HO)

(/usr/share/texlive/texmf-dist/tex/generic/oberdiek/ifluatex.sty
Package: ifluatex 2016/05/16 v1.4 Provides the ifluatex switch (HO)
Package ifluatex Info: LuaTeX not detected.
)
Package etexcmds Info: Could not find \expanded.
(etexcmds)             That can mean that you are not using pdfTeX 1.50 or
(etexcmds)             that some package has redefined \expanded.
(etexcmds)             In the latter case, load this package earlier.
)))
(/usr/share/texlive/texmf-dist/tex/generic/oberdiek/pdftexcmds.sty
Package: pdftexcmds 2018/01/21 v0.26 Utility functions of pdfTeX for LuaTeX (HO
)

(/usr/share/texlive/texmf-dist/tex/generic/oberdiek/ifpdf.sty
Package: ifpdf 2017/03/15 v3.2 Provides the ifpdf switch
)
Package pdftexcmds Info: LuaTeX not detected.
Package pdftexcmds Info: \pdf@primitive is available.
Package pdftexcmds Info: \pdf@ifprimitive is available.
Package pdftexcmds Info: \pdfdraftmode found.
)
Package epstopdf-base Info: Redefining graphics rule for `.eps' on input line 4
38.
Package grfext Info: Graphics extension search list:
(grfext)             [.pdf,.png,.jpg,.mps,.jpeg,.jbig2,.jb2,.PDF,.PNG,.JPG,.JPE
G,.JBIG2,.JB2,.eps]
(grfext)             \AppendGraphicsExtensions on input line 456.

(/usr/share/texlive/texmf-dist/tex/latex/latexconfig/epstopdf-sys.cfg
File: epstopdf-sys.cfg 2010/07/13 v1.3 Configuration of (r)epstopdf for TeX Liv
e
))
\c@tabnotecount=\count105
Package caption Info: Begin \AtBeginDocument code.
Package caption Info: End \AtBeginDocument code.
LaTeX Font Info:    Calculating math sizes for size <14> on input line 37.
LaTeX Font Info:    Try loading font information for U+txmia on input line 37.

(/usr/share/texlive/texmf-dist/tex/latex/txfonts/utxmia.fd
File: utxmia.fd 2000/12/15 v3.1
)
LaTeX Font Info:    Try loading font information for U+txsya on input line 37.

(/usr/share/texlive/texmf-dist/tex/latex/txfonts/utxsya.fd
File: utxsya.fd 2000/12/15 v3.1
)
LaTeX Font Info:    Try loading font information for U+txsyb on input line 37.

(/usr/share/texlive/texmf-dist/tex/latex/txfonts/utxsyb.fd
File: utxsyb.fd 2000/12/15 v3.1
)
LaTeX Font Info:    Try loading font information for U+txsyc on input line 37.

(/usr/share/texlive/texmf-dist/tex/latex/txfonts/utxsyc.fd
File: utxsyc.fd 2000/12/15 v3.1
)
<graph/pwi2xsf.png, id=1, 1660.2025pt x 383.4325pt>
File: graph/pwi2xsf.png Graphic file (type png)
<use graph/pwi2xsf.png>
Package pdftex.def Info: graph/pwi2xsf.png  used on input line 53.
(pdftex.def)             Requested size: 200.0pt x 46.19128pt.
 [1{/var/lib/texmf/fonts/map/pdftex/updmap/pdftex.map} <./graph/pwi2xsf.png>]
Package epstopdf Info: Source file: <graph/band_dos_qe_23x3x17.eps>
(epstopdf)                    date: 2019-08-26 01:39:36
(epstopdf)                    size: 56206 bytes
(epstopdf)             Output file: <graph/band_dos_qe_23x3x17-eps-converted-to
.pdf>
(epstopdf)                    date: 2019-08-26 01:39:36
(epstopdf)                    size: 21056 bytes
(epstopdf)             Command: <repstopdf --outfile=graph/band_dos_qe_23x3x17-
eps-converted-to.pdf graph/band_dos_qe_23x3x17.eps>
(epstopdf)             \includegraphics on input line 64.
Package epstopdf Info: Output file is already uptodate.


pdfTeX warning: pdflatex (file ./graph/band_dos_qe_23x3x17-eps-converted-to.pdf
): PDF inclusion: found PDF version <1.7>, but at most version <1.5> allowed
<graph/band_dos_qe_23x3x17-eps-converted-to.pdf, id=13, 614.295pt x 794.97pt>
File: graph/band_dos_qe_23x3x17-eps-converted-to.pdf Graphic file (type pdf)
<use graph/band_dos_qe_23x3x17-eps-converted-to.pdf>
Package pdftex.def Info: graph/band_dos_qe_23x3x17-eps-converted-to.pdf  used o
n input line 64.
(pdftex.def)             Requested size: 200.0pt x 258.82314pt.
Package epstopdf Info: Source file: <graph/band_TB_original.eps>
(epstopdf)                    date: 2019-08-26 01:39:34
(epstopdf)                    size: 91175 bytes
(epstopdf)             Output file: <graph/band_TB_original-eps-converted-to.pd
f>
(epstopdf)                    date: 2019-08-26 01:39:34
(epstopdf)                    size: 19442 bytes
(epstopdf)             Command: <repstopdf --outfile=graph/band_TB_original-eps
-converted-to.pdf graph/band_TB_original.eps>
(epstopdf)             \includegraphics on input line 71.
Package epstopdf Info: Output file is already uptodate.


pdfTeX warning: pdflatex (file ./graph/band_TB_original-eps-converted-to.pdf): 
PDF inclusion: found PDF version <1.7>, but at most version <1.5> allowed
<graph/band_TB_original-eps-converted-to.pdf, id=14, 565.15138pt x 427.11569pt>

File: graph/band_TB_original-eps-converted-to.pdf Graphic file (type pdf)
<use graph/band_TB_original-eps-converted-to.pdf>
Package pdftex.def Info: graph/band_TB_original-eps-converted-to.pdf  used on i
nput line 71.
(pdftex.def)             Requested size: 200.0pt x 151.1481pt.

Underfull \vbox (badness 1430) has occurred while \output is active []

 [2 <./graph/band_dos_qe_23x3x17-eps-converted-to.pdf> <./graph/band_TB_origina
l-eps-converted-to.pdf>]
Package epstopdf Info: Source file: <graph/dos_qetb.eps>
(epstopdf)                    date: 2019-08-26 01:39:36
(epstopdf)                    size: 108643 bytes
(epstopdf)             Output file: <graph/dos_qetb-eps-converted-to.pdf>
(epstopdf)                    date: 2019-08-26 01:39:36
(epstopdf)                    size: 44028 bytes
(epstopdf)             Command: <repstopdf --outfile=graph/dos_qetb-eps-convert
ed-to.pdf graph/dos_qetb.eps>
(epstopdf)             \includegraphics on input line 88.
Package epstopdf Info: Output file is already uptodate.


pdfTeX warning: pdflatex (file ./graph/dos_qetb-eps-converted-to.pdf): PDF incl
usion: found PDF version <1.7>, but at most version <1.5> allowed
<graph/dos_qetb-eps-converted-to.pdf, id=45, 653.44125pt x 472.76625pt>
File: graph/dos_qetb-eps-converted-to.pdf Graphic file (type pdf)
<use graph/dos_qetb-eps-converted-to.pdf>
Package pdftex.def Info: graph/dos_qetb-eps-converted-to.pdf  used on input lin
e 88.
(pdftex.def)             Requested size: 200.0pt x 144.69485pt.
Missing character: There is no â in font txr!
Missing character: There is no € in font txr!
Missing character: There is no ‹ in font txr!
Missing character: There is no â in font txr!
Missing character: There is no € in font txr!
Missing character: There is no ‹ in font txr!
[3 <./graph/dos_qetb-eps-converted-to.pdf>]
Package epstopdf Info: Source file: <graph/TB_bands.eps>
(epstopdf)                    date: 2019-08-26 01:39:34
(epstopdf)                    size: 80966 bytes
(epstopdf)             Output file: <graph/TB_bands-eps-converted-to.pdf>
(epstopdf)                    date: 2019-08-26 01:39:34
(epstopdf)                    size: 18732 bytes
(epstopdf)             Command: <repstopdf --outfile=graph/TB_bands-eps-convert
ed-to.pdf graph/TB_bands.eps>
(epstopdf)             \includegraphics on input line 104.
Package epstopdf Info: Output file is already uptodate.


pdfTeX warning: pdflatex (file ./graph/TB_bands-eps-converted-to.pdf): PDF incl
usion: found PDF version <1.7>, but at most version <1.5> allowed
<graph/TB_bands-eps-converted-to.pdf, id=54, 664.88402pt x 456.02371pt>
File: graph/TB_bands-eps-converted-to.pdf Graphic file (type pdf)
<use graph/TB_bands-eps-converted-to.pdf>
Package pdftex.def Info: graph/TB_bands-eps-converted-to.pdf  used on input lin
e 104.
(pdftex.def)             Requested size: 280.0pt x 192.04356pt.
(./work_eng.bbl [4 <./graph/TB_bands-eps-converted-to.pdf>]
Missing character: There is no â in font txr!
Missing character: There is no € in font txr!
Missing character: There is no ² in font txr!
Missing character: There is no â in font txr!
Missing character: There is no ˆ in font txr!
Missing character: There is no ’ in font txr!
Missing character: There is no â in font txr!
Missing character: There is no ˆ in font txr!
Missing character: There is no ’ in font txr!
) [5]
(./work_eng.aux) ) 
Here is how much of TeX's memory you used:
 3930 strings out of 494880
 57332 string characters out of 6179601
 105166 words of memory out of 5000000
 7179 multiletter control sequences out of 15000+600000
 47414 words of font info for 116 fonts, out of 8000000 for 9000
 36 hyphenation exceptions out of 8191
 42i,9n,40p,876b,321s stack positions out of 5000i,500n,10000p,200000b,80000s
{/usr/share/texlive/texmf-dist/fonts/enc/dvips/base/8r.enc}</
usr/share/texlive/texmf-dist/fonts/type1/public/txfonts/rtxmi.pfb></usr/share/t
exlive/texmf-dist/fonts/type1/public/txfonts/rtxr.pfb></usr/share/texlive/texmf
-dist/fonts/type1/public/txfonts/txex.pfb></usr/share/texlive/texmf-dist/fonts/
type1/public/txfonts/txsy.pfb></usr/share/texlive/texmf-dist/fonts/type1/urw/ti
mes/utmb8a.pfb></usr/share/texlive/texmf-dist/fonts/type1/urw/times/utmr8a.pfb>
</usr/share/texlive/texmf-dist/fonts/type1/urw/times/utmri8a.pfb>
Output written on work_eng.pdf (5 pages, 500448 bytes).
PDF statistics:
 102 PDF objects out of 1000 (max. 8388607)
 57 compressed objects within 1 object stream
 0 named destinations out of 1000 (max. 500000)
 26 words of extra memory for PDF output out of 10000 (max. 10000000)

